0 info it worked if it ends with ok
1 verbose cli [
1 verbose cli   'C:\\Program Files\\nodejs\\node.exe',
1 verbose cli   'C:\\Program Files\\nodejs\\node_modules\\npm\\bin\\npm-cli.js',
1 verbose cli   'run',
1 verbose cli   'dev'
1 verbose cli ]
2 info using npm@6.14.15
3 info using node@v14.17.6
4 verbose stack Error: Failed to parse json
4 verbose stack Unexpected token ` in JSON at position 300 while parsing near '...\"npm run client\"",``
4 verbose stack     "data:import"...'
4 verbose stack     at parseError (C:\Program Files\nodejs\node_modules\npm\node_modules\read-package-json\read-json.js:470:11)
4 verbose stack     at parseJson (C:\Program Files\nodejs\node_modules\npm\node_modules\read-package-json\read-json.js:105:26)
4 verbose stack     at C:\Program Files\nodejs\node_modules\npm\node_modules\read-package-json\read-json.js:52:5
4 verbose stack     at C:\Program Files\nodejs\node_modules\npm\node_modules\graceful-fs\graceful-fs.js:123:16
4 verbose stack     at FSReqCallback.readFileAfterClose [as oncomplete] (internal/fs/read_file_context.js:73:3)
5 verbose cwd C:\Users\Nkono Mwase Andrew\Desktop\Bakery
6 verbose Windows_NT 10.0.19043
7 verbose argv "C:\\Program Files\\nodejs\\node.exe" "C:\\Program Files\\nodejs\\node_modules\\npm\\bin\\npm-cli.js" "run" "dev"
8 verbose node v14.17.6
9 verbose npm  v6.14.15
10 error code EJSONPARSE
11 error file C:\Users\Nkono Mwase Andrew\Desktop\Bakery\package.json
12 error JSON.parse Failed to parse json
12 error JSON.parse Unexpected token ` in JSON at position 300 while parsing near '...\"npm run client\"",``
12 error JSON.parse     "data:import"...'
13 error JSON.parse Failed to parse package.json data.
13 error JSON.parse package.json must be actual JSON, not just JavaScript.
14 verbose exit [ 1, true ]
