0 info it worked if it ends with ok
1 verbose cli [
1 verbose cli   'C:\\Program Files\\nodejs\\node.exe',
1 verbose cli   'C:\\Program Files\\nodejs\\node_modules\\npm\\bin\\npm-cli.js',
1 verbose cli   'run',
1 verbose cli   'dev'
1 verbose cli ]
2 info using npm@6.14.15
3 info using node@v14.17.6
4 verbose run-script [ 'predev', 'dev', 'postdev' ]
5 info lifecycle Bee's-Bakery@1.0.0~predev: Bee's-Bakery@1.0.0
6 info lifecycle Bee's-Bakery@1.0.0~dev: Bee's-Bakery@1.0.0
7 verbose lifecycle Bee's-Bakery@1.0.0~dev: unsafe-perm in lifecycle true
8 verbose lifecycle Bee's-Bakery@1.0.0~dev: PATH: C:\Program Files\nodejs\node_modules\npm\node_modules\npm-lifecycle\node-gyp-bin;C:\Users\Nkono Mwase Andrew\Desktop\Bakery\node_modules\.bin;C:\Program Files (x86)\NVIDIA Corporation\PhysX\Common;C:\Program Files (x86)\Intel\iCLS Client\;C:\Program Files\Intel\iCLS Client\;C:\WINDOWS\system32;C:\WINDOWS;C:\WINDOWS\System32\Wbem;C:\WINDOWS\System32\WindowsPowerShell\v1.0\;C:\Program Files (x86)\Intel\Intel(R) Management Engine Components\DAL;C:\Program Files\Intel\Intel(R) Management Engine Components\DAL;C:\Program Files (x86)\Intel\Intel(R) Management Engine Components\IPT;C:\Program Files\Intel\Intel(R) Management Engine Components\IPT;C:\Program Files\Intel\WiFi\bin\;C:\Program Files\Common Files\Intel\WirelessCommon\;C:\WINDOWS\System32\OpenSSH\;C:\Program Files\Microsoft SQL Server\Client SDK\ODBC\110\Tools\Binn\;C:\Program Files (x86)\Microsoft SQL Server\120\Tools\Binn\;C:\Program Files\Microsoft SQL Server\120\Tools\Binn\;C:\Program Files\Microsoft SQL Server\120\DTS\Binn\;C:\Program Files (x86)\Windows Kits\8.1\Windows Performance Toolkit\;C:\MinGW\bin;C:\Program Files\Docker\Docker\resources\bin;C:\ProgramData\DockerDesktop\version-bin;C:\Program Files\MySQL\MySQL Server 8.0\bin;C:\Program Files\Git\cmd;C:\Program Files\nodejs\;C:\Program Files\MySQL\MySQL Shell 8.0\bin\;C:\Program Files\Java\jdk-16.0.1\bin;C:\Users\Nkono Mwase Andrew\AppData\Local\atom\bin;C:\Users\Nkono Mwase Andrew\AppData\Local\Programs\Microsoft VS Code\bin;C:\Users\Nkono Mwase Andrew\AppData\Roaming\npm;%USERPROFILE%\AppData\Local\Microsoft\WindowsApps;
9 verbose lifecycle Bee's-Bakery@1.0.0~dev: CWD: C:\Users\Nkono Mwase Andrew\Desktop\Bakery
10 silly lifecycle Bee's-Bakery@1.0.0~dev: Args: [ '/d /s /c', 'concurrently "npm run server" "npm run client"' ]
11 silly lifecycle Bee's-Bakery@1.0.0~dev: Returned: code: 1  signal: null
12 info lifecycle Bee's-Bakery@1.0.0~dev: Failed to exec dev script
13 verbose stack Error: Bee's-Bakery@1.0.0 dev: `concurrently "npm run server" "npm run client"`
13 verbose stack Exit status 1
13 verbose stack     at EventEmitter.<anonymous> (C:\Program Files\nodejs\node_modules\npm\node_modules\npm-lifecycle\index.js:332:16)
13 verbose stack     at EventEmitter.emit (events.js:400:28)
13 verbose stack     at ChildProcess.<anonymous> (C:\Program Files\nodejs\node_modules\npm\node_modules\npm-lifecycle\lib\spawn.js:55:14)
13 verbose stack     at ChildProcess.emit (events.js:400:28)
13 verbose stack     at maybeClose (internal/child_process.js:1055:16)
13 verbose stack     at Process.ChildProcess._handle.onexit (internal/child_process.js:288:5)
14 verbose pkgid Bee's-Bakery@1.0.0
15 verbose cwd C:\Users\Nkono Mwase Andrew\Desktop\Bakery
16 verbose Windows_NT 10.0.22000
17 verbose argv "C:\\Program Files\\nodejs\\node.exe" "C:\\Program Files\\nodejs\\node_modules\\npm\\bin\\npm-cli.js" "run" "dev"
18 verbose node v14.17.6
19 verbose npm  v6.14.15
20 error code ELIFECYCLE
21 error errno 1
22 error Bee's-Bakery@1.0.0 dev: `concurrently "npm run server" "npm run client"`
22 error Exit status 1
23 error Failed at the Bee's-Bakery@1.0.0 dev script.
23 error This is probably not a problem with npm. There is likely additional logging output above.
24 verbose exit [ 1, true ]
