0 info it worked if it ends with ok
1 verbose cli [
1 verbose cli   'C:\\Program Files\\nodejs\\node.exe',
1 verbose cli   'C:\\Program Files\\nodejs\\node_modules\\npm\\bin\\npm-cli.js',
1 verbose cli   'i',
1 verbose cli   'express',
1 verbose cli   'mongooose',
1 verbose cli   'dotenv'
1 verbose cli ]
2 info using npm@6.14.15
3 info using node@v14.17.6
4 verbose npm-session 1eee5fc4d28c3476
5 silly install loadCurrentTree
6 silly install readLocalPackageData
7 http fetch GET 200 https://registry.npmjs.org/dotenv 243ms
8 http fetch GET 200 https://registry.npmjs.org/express 284ms
9 http fetch GET 404 https://registry.npmjs.org/mongooose 316ms
10 http fetch GET 200 https://registry.npmjs.org/dotenv/-/dotenv-10.0.0.tgz 93ms
11 silly pacote tag manifest for dotenv@latest fetched in 371ms
12 http fetch GET 200 https://registry.npmjs.org/express/-/express-4.17.1.tgz 84ms
13 silly pacote tag manifest for express@latest fetched in 408ms
14 http fetch GET 404 https://registry.npmjs.org/mongooose 172ms
15 silly fetchPackageMetaData error for mongooose@latest 404 Not Found - GET https://registry.npmjs.org/mongooose - Not found
16 timing stage:rollbackFailedOptional Completed in 1ms
17 timing stage:runTopLevelLifecycles Completed in 565ms
18 verbose stack Error: 404 Not Found - GET https://registry.npmjs.org/mongooose - Not found
18 verbose stack     at C:\Program Files\nodejs\node_modules\npm\node_modules\npm-registry-fetch\check-response.js:117:15
18 verbose stack     at processTicksAndRejections (internal/process/task_queues.js:95:5)
19 verbose statusCode 404
20 verbose pkgid mongooose@latest
21 verbose cwd C:\Users\Nkono Mwase Andrew\Desktop\Bakery
22 verbose Windows_NT 10.0.19043
23 verbose argv "C:\\Program Files\\nodejs\\node.exe" "C:\\Program Files\\nodejs\\node_modules\\npm\\bin\\npm-cli.js" "i" "express" "mongooose" "dotenv"
24 verbose node v14.17.6
25 verbose npm  v6.14.15
26 error code E404
27 error 404 Not Found - GET https://registry.npmjs.org/mongooose - Not found
28 error 404
29 error 404 'mongooose@latest' is not in the npm registry.
30 error 404 You should bug the author to publish it (or use the name yourself!)
31 error 404 Note that you can also install from a
32 error 404 tarball, folder, http url, or git url.
33 verbose exit [ 1, true ]
